{"/Users/joelmuskwe/Projects/6_contributions/lab/object-to-formdata/src/index.ts": {"path":"/Users/joelmuskwe/Projects/6_contributions/lab/object-to-formdata/src/index.ts","statementMap":{"0":{"start":{"line":1,"column":20},"end":{"line":1,"column":41}},"1":{"start":{"line":1,"column":36},"end":{"line":1,"column":56}},"2":{"start":{"line":3,"column":15},"end":{"line":3,"column":36}},"3":{"start":{"line":3,"column":31},"end":{"line":3,"column":46}},"4":{"start":{"line":5,"column":17},"end":{"line":5,"column":38}},"5":{"start":{"line":5,"column":33},"end":{"line":5,"column":57}},"6":{"start":{"line":7,"column":16},"end":{"line":7,"column":37}},"7":{"start":{"line":7,"column":32},"end":{"line":7,"column":53}},"8":{"start":{"line":9,"column":15},"end":{"line":9,"column":36}},"9":{"start":{"line":9,"column":31},"end":{"line":9,"column":53}},"10":{"start":{"line":11,"column":15},"end":{"line":12,"column":7}},"11":{"start":{"line":12,"column":2},"end":{"line":15,"column":36}},"12":{"start":{"line":17,"column":15},"end":{"line":18,"column":8}},"13":{"start":{"line":18,"column":2},"end":{"line":21,"column":44}},"14":{"start":{"line":23,"column":13},"end":{"line":70,"column":2}},"15":{"start":{"line":24,"column":2},"end":{"line":24,"column":18}},"16":{"start":{"line":25,"column":2},"end":{"line":25,"column":63}},"17":{"start":{"line":26,"column":2},"end":{"line":28,"column":28}},"18":{"start":{"line":29,"column":2},"end":{"line":29,"column":28}},"19":{"start":{"line":31,"column":2},"end":{"line":67,"column":null}},"20":{"start":{"line":32,"column":4},"end":{"line":32,"column":14}},"21":{"start":{"line":33,"column":9},"end":{"line":67,"column":null}},"22":{"start":{"line":34,"column":4},"end":{"line":36,"column":null}},"23":{"start":{"line":35,"column":6},"end":{"line":35,"column":25}},"24":{"start":{"line":37,"column":9},"end":{"line":67,"column":null}},"25":{"start":{"line":38,"column":4},"end":{"line":48,"column":null}},"26":{"start":{"line":39,"column":18},"end":{"line":39,"column":28}},"27":{"start":{"line":41,"column":6},"end":{"line":41,"column":25}},"28":{"start":{"line":43,"column":6},"end":{"line":47,"column":9}},"29":{"start":{"line":44,"column":20},"end":{"line":44,"column":64}},"30":{"start":{"line":46,"column":8},"end":{"line":46,"column":46}},"31":{"start":{"line":49,"column":9},"end":{"line":67,"column":null}},"32":{"start":{"line":50,"column":4},"end":{"line":50,"column":38}},"33":{"start":{"line":51,"column":9},"end":{"line":67,"column":null}},"34":{"start":{"line":52,"column":4},"end":{"line":64,"column":7}},"35":{"start":{"line":53,"column":20},"end":{"line":53,"column":29}},"36":{"start":{"line":55,"column":6},"end":{"line":59,"column":null}},"37":{"start":{"line":56,"column":8},"end":{"line":58,"column":null}},"38":{"start":{"line":57,"column":10},"end":{"line":57,"column":52}},"39":{"start":{"line":61,"column":18},"end":{"line":61,"column":53}},"40":{"start":{"line":63,"column":6},"end":{"line":63,"column":44}},"41":{"start":{"line":66,"column":4},"end":{"line":66,"column":24}},"42":{"start":{"line":69,"column":2},"end":{"line":69,"column":12}}},"fnMap":{"0":{"name":"(anonymous_0)","decl":{"start":{"line":1,"column":20},"end":{"line":1,"column":21}},"loc":{"start":{"line":1,"column":31},"end":{"line":1,"column":41}}},"1":{"name":"(anonymous_1)","decl":{"start":{"line":3,"column":15},"end":{"line":3,"column":16}},"loc":{"start":{"line":3,"column":26},"end":{"line":3,"column":36}}},"2":{"name":"(anonymous_2)","decl":{"start":{"line":5,"column":17},"end":{"line":5,"column":18}},"loc":{"start":{"line":5,"column":28},"end":{"line":5,"column":38}}},"3":{"name":"(anonymous_3)","decl":{"start":{"line":7,"column":16},"end":{"line":7,"column":17}},"loc":{"start":{"line":7,"column":27},"end":{"line":7,"column":37}}},"4":{"name":"(anonymous_4)","decl":{"start":{"line":9,"column":15},"end":{"line":9,"column":16}},"loc":{"start":{"line":9,"column":26},"end":{"line":9,"column":36}}},"5":{"name":"(anonymous_5)","decl":{"start":{"line":11,"column":15},"end":{"line":11,"column":16}},"loc":{"start":{"line":11,"column":26},"end":{"line":12,"column":7}}},"6":{"name":"(anonymous_6)","decl":{"start":{"line":17,"column":15},"end":{"line":17,"column":16}},"loc":{"start":{"line":17,"column":26},"end":{"line":18,"column":8}}},"7":{"name":"(anonymous_7)","decl":{"start":{"line":23,"column":32},"end":{"line":23,"column":33}},"loc":{"start":{"line":23,"column":73},"end":{"line":70,"column":1}}},"8":{"name":"(anonymous_8)","decl":{"start":{"line":43,"column":18},"end":{"line":43,"column":19}},"loc":{"start":{"line":43,"column":41},"end":{"line":47,"column":7}}},"9":{"name":"(anonymous_9)","decl":{"start":{"line":52,"column":29},"end":{"line":52,"column":33}},"loc":{"start":{"line":52,"column":33},"end":{"line":64,"column":5}}}},"branchMap":{"0":{"loc":{"start":{"line":12,"column":2},"end":{"line":12,"column":7}},"type":"binary-expr","locations":[{"start":{"line":12,"column":2},"end":{"line":12,"column":7}},{"start":{"line":13,"column":2},"end":{"line":13,"column":32}},{"start":{"line":14,"column":2},"end":{"line":14,"column":32}},{"start":{"line":15,"column":2},"end":{"line":15,"column":35}}]},"1":{"loc":{"start":{"line":18,"column":2},"end":{"line":18,"column":15}},"type":"binary-expr","locations":[{"start":{"line":18,"column":2},"end":{"line":18,"column":15}},{"start":{"line":19,"column":2},"end":{"line":19,"column":32}},{"start":{"line":20,"column":3},"end":{"line":20,"column":45}},{"start":{"line":21,"column":4},"end":{"line":21,"column":42}}]},"2":{"loc":{"start":{"line":24,"column":8},"end":{"line":24,"column":11}},"type":"binary-expr","locations":[{"start":{"line":24,"column":8},"end":{"line":24,"column":11}},{"start":{"line":24,"column":15},"end":{"line":24,"column":17}}]},"3":{"loc":{"start":{"line":25,"column":43},"end":{"line":25,"column":48}},"type":"cond-expr","locations":[{"start":{"line":25,"column":43},"end":{"line":25,"column":48}},{"start":{"line":25,"column":51},"end":{"line":25,"column":62}}]},"4":{"loc":{"start":{"line":27,"column":6},"end":{"line":27,"column":11}},"type":"cond-expr","locations":[{"start":{"line":27,"column":6},"end":{"line":27,"column":11}},{"start":{"line":28,"column":6},"end":{"line":28,"column":27}}]},"5":{"loc":{"start":{"line":29,"column":7},"end":{"line":29,"column":9}},"type":"binary-expr","locations":[{"start":{"line":29,"column":7},"end":{"line":29,"column":9}},{"start":{"line":29,"column":13},"end":{"line":29,"column":27}}]},"6":{"loc":{"start":{"line":31,"column":2},"end":{"line":67,"column":null}},"type":"if","locations":[{"start":{"line":31,"column":2},"end":{"line":67,"column":null}},{"start":{"line":31,"column":2},"end":{"line":67,"column":null}}]},"7":{"loc":{"start":{"line":33,"column":9},"end":{"line":67,"column":null}},"type":"if","locations":[{"start":{"line":33,"column":9},"end":{"line":67,"column":null}},{"start":{"line":33,"column":9},"end":{"line":67,"column":null}}]},"8":{"loc":{"start":{"line":34,"column":4},"end":{"line":36,"column":null}},"type":"if","locations":[{"start":{"line":34,"column":4},"end":{"line":36,"column":null}},{"start":{"line":34,"column":4},"end":{"line":36,"column":null}}]},"9":{"loc":{"start":{"line":37,"column":9},"end":{"line":67,"column":null}},"type":"if","locations":[{"start":{"line":37,"column":9},"end":{"line":67,"column":null}},{"start":{"line":37,"column":9},"end":{"line":67,"column":null}}]},"10":{"loc":{"start":{"line":38,"column":4},"end":{"line":48,"column":null}},"type":"if","locations":[{"start":{"line":38,"column":4},"end":{"line":48,"column":null}},{"start":{"line":38,"column":4},"end":{"line":48,"column":null}}]},"11":{"loc":{"start":{"line":44,"column":47},"end":{"line":44,"column":52}},"type":"cond-expr","locations":[{"start":{"line":44,"column":47},"end":{"line":44,"column":52}},{"start":{"line":44,"column":55},"end":{"line":44,"column":57}}]},"12":{"loc":{"start":{"line":49,"column":9},"end":{"line":67,"column":null}},"type":"if","locations":[{"start":{"line":49,"column":9},"end":{"line":67,"column":null}},{"start":{"line":49,"column":9},"end":{"line":67,"column":null}}]},"13":{"loc":{"start":{"line":51,"column":9},"end":{"line":67,"column":null}},"type":"if","locations":[{"start":{"line":51,"column":9},"end":{"line":67,"column":null}},{"start":{"line":51,"column":9},"end":{"line":67,"column":null}}]},"14":{"loc":{"start":{"line":51,"column":13},"end":{"line":51,"column":26}},"type":"binary-expr","locations":[{"start":{"line":51,"column":13},"end":{"line":51,"column":26}},{"start":{"line":51,"column":30},"end":{"line":51,"column":42}},{"start":{"line":51,"column":46},"end":{"line":51,"column":58}}]},"15":{"loc":{"start":{"line":55,"column":6},"end":{"line":59,"column":null}},"type":"if","locations":[{"start":{"line":55,"column":6},"end":{"line":59,"column":null}},{"start":{"line":55,"column":6},"end":{"line":59,"column":null}}]},"16":{"loc":{"start":{"line":56,"column":15},"end":{"line":56,"column":30}},"type":"binary-expr","locations":[{"start":{"line":56,"column":15},"end":{"line":56,"column":30}},{"start":{"line":56,"column":34},"end":{"line":56,"column":76}}]},"17":{"loc":{"start":{"line":61,"column":24},"end":{"line":61,"column":46}},"type":"cond-expr","locations":[{"start":{"line":61,"column":24},"end":{"line":61,"column":46}},{"start":{"line":61,"column":49},"end":{"line":61,"column":53}}]}},"s":{"0":1,"1":183,"2":1,"3":60,"4":1,"5":48,"6":1,"7":86,"8":1,"9":49,"10":1,"11":55,"12":1,"13":28,"14":1,"15":61,"16":61,"17":61,"18":61,"19":61,"20":1,"21":60,"22":2,"23":1,"24":58,"25":9,"26":1,"27":1,"28":8,"29":14,"30":14,"31":49,"32":1,"33":48,"34":27,"35":28,"36":28,"37":7,"38":1,"39":28,"40":28,"41":21,"42":60},"f":{"0":183,"1":60,"2":48,"3":86,"4":49,"5":55,"6":28,"7":61,"8":14,"9":28},"b":{"0":[55,55,1,1],"1":[28,1,1,1],"2":[61,17],"3":[18,43],"4":[18,43],"5":[61,19],"6":[1,60],"7":[2,58],"8":[1,1],"9":[9,49],"10":[1,8],"11":[2,12],"12":[1,48],"13":[27,21],"14":[48,28,27],"15":[7,21],"16":[8,8],"17":[8,20]}}
}
