TN:
SF:/Users/joelmuskwe/Projects/6_contributions/lab/object-to-formdata/src/index.ts
FN:1,(anonymous_0)
FN:3,(anonymous_1)
FN:5,(anonymous_2)
FN:7,(anonymous_3)
FN:9,(anonymous_4)
FN:11,(anonymous_5)
FN:17,(anonymous_6)
FN:23,(anonymous_7)
FN:43,(anonymous_8)
FN:52,(anonymous_9)
FNF:10
FNH:10
FNDA:183,(anonymous_0)
FNDA:60,(anonymous_1)
FNDA:48,(anonymous_2)
FNDA:86,(anonymous_3)
FNDA:49,(anonymous_4)
FNDA:55,(anonymous_5)
FNDA:28,(anonymous_6)
FNDA:61,(anonymous_7)
FNDA:14,(anonymous_8)
FNDA:28,(anonymous_9)
DA:1,183
DA:3,60
DA:5,48
DA:7,86
DA:9,49
DA:11,1
DA:12,55
DA:17,1
DA:18,28
DA:23,1
DA:24,61
DA:25,61
DA:26,61
DA:29,61
DA:31,61
DA:32,1
DA:33,60
DA:34,2
DA:35,1
DA:37,58
DA:38,9
DA:39,1
DA:41,1
DA:43,8
DA:44,14
DA:46,14
DA:49,49
DA:50,1
DA:51,48
DA:52,27
DA:53,28
DA:55,28
DA:56,7
DA:57,1
DA:61,28
DA:63,28
DA:66,21
DA:69,60
LF:38
LH:38
BRDA:12,0,0,55
BRDA:12,0,1,55
BRDA:12,0,2,1
BRDA:12,0,3,1
BRDA:18,1,0,28
BRDA:18,1,1,1
BRDA:18,1,2,1
BRDA:18,1,3,1
BRDA:24,2,0,61
BRDA:24,2,1,17
BRDA:25,3,0,18
BRDA:25,3,1,43
BRDA:27,4,0,18
BRDA:27,4,1,43
BRDA:29,5,0,61
BRDA:29,5,1,19
BRDA:31,6,0,1
BRDA:31,6,1,60
BRDA:33,7,0,2
BRDA:33,7,1,58
BRDA:34,8,0,1
BRDA:34,8,1,1
BRDA:37,9,0,9
BRDA:37,9,1,49
BRDA:38,10,0,1
BRDA:38,10,1,8
BRDA:44,11,0,2
BRDA:44,11,1,12
BRDA:49,12,0,1
BRDA:49,12,1,48
BRDA:51,13,0,27
BRDA:51,13,1,21
BRDA:51,14,0,48
BRDA:51,14,1,28
BRDA:51,14,2,27
BRDA:55,15,0,7
BRDA:55,15,1,21
BRDA:56,16,0,8
BRDA:56,16,1,8
BRDA:61,17,0,8
BRDA:61,17,1,20
BRF:41
BRH:41
end_of_record
